<?xml version="1.0" encoding="utf-8"?><testsuites name="pytest tests"><testsuite name="pytest" errors="0" failures="0" skipped="0" tests="16" time="0.119" timestamp="2026-07-30T00:20:34.603926+08:00" hostname="bogon"><testcase classname="tests.contracts.test_common_contracts" name="test_contract_schemas_parse_and_freeze_version" time="0.000" /><testcase classname="tests.contracts.test_common_contracts" name="test_tile_wall_hand_discard_meld_contract" time="0.000" /><testcase classname="tests.contracts.test_common_contracts" name="test_player_and_game_state_v5_roundtrip" time="0.002" /><testcase classname="tests.contracts.test_common_contracts" name="test_action_contract_roundtrip_and_codec" time="0.001" /><testcase classname="tests.contracts.test_common_contracts" name="test_seed_contract_is_deterministic_and_versioned_by_source" time="0.000" /><testcase classname="tests.contracts.test_common_contracts" name="test_player_view_is_deep_frozen_and_hidden" time="0.001" /><testcase classname="tests.contracts.test_decision_contracts" name="test_candidate_uses_canonical_action_and_stable_key" time="0.000" /><testcase classname="tests.contracts.test_decision_contracts" name="test_score_breakdown_explanation_fields_are_complete" time="0.000" /><testcase classname="tests.contracts.test_decision_contracts" name="test_decision_schema_requires_versions_hashes_seed_and_explanation" time="0.000" /><testcase classname="tests.contracts.test_decision_contracts" name="test_explanation_schema_covers_generation_scoring_filter_selection_abandon" time="0.000" /><testcase classname="tests.contracts.test_fixture_and_visibility_contracts" name="test_fixture_format_has_state_views_truth_steps_and_expected" time="0.000" /><testcase classname="tests.contracts.test_fixture_and_visibility_contracts" name="test_four_seat_visibility_and_recursive_sentinel_isolation" time="0.001" /><testcase classname="tests.contracts.test_fixture_and_visibility_contracts" name="test_policy_modules_do_not_import_training_oracle" time="0.022" /><testcase classname="tests.contracts.test_fixture_and_visibility_contracts" name="test_parameter_and_hash_units_are_canonical" time="0.000" /><testcase classname="tests.contracts.test_versioning_contract" name="test_versioning_policy_freezes_all_current_subcontracts" time="0.000" /><testcase classname="tests.contracts.test_versioning_contract" name="test_common_contract_forbids_duplicate_strategy_dtos_and_truth_access" time="0.000" /></testsuite></testsuites>